<?xml version="1.0" encoding="UTF-8" ?>
<testsuite failures="0" time="29.613" errors="0" skipped="0" tests="9" name="TestSuite">
  <properties>
    <property name="java.runtime.name" value="OpenJDK Runtime Environment"/>
    <property name="sun.boot.library.path" value="/usr/lib/jvm/java-6-openjdk/jre/lib/i386"/>
    <property name="java.vm.version" value="20.0-b11"/>
    <property name="java.vm.vendor" value="Sun Microsystems Inc."/>
    <property name="java.vendor.url" value="http://java.sun.com/"/>
    <property name="path.separator" value=":"/>
    <property name="java.vm.name" value="OpenJDK Server VM"/>
    <property name="file.encoding.pkg" value="sun.io"/>
    <property name="user.country" value="US"/>
    <property name="sun.java.launcher" value="SUN_STANDARD"/>
    <property name="sun.os.patch.level" value="unknown"/>
    <property name="java.vm.specification.name" value="Java Virtual Machine Specification"/>
    <property name="user.dir" value="/home/iventio/svn/jodconverter-sample-webapp/jodconverter-core"/>
    <property name="java.runtime.version" value="1.6.0_22-b22"/>
    <property name="java.awt.graphicsenv" value="sun.awt.X11GraphicsEnvironment"/>
    <property name="basedir" value="/home/iventio/svn/jodconverter-sample-webapp/jodconverter-core"/>
    <property name="java.endorsed.dirs" value="/usr/lib/jvm/java-6-openjdk/jre/lib/endorsed"/>
    <property name="os.arch" value="i386"/>
    <property name="surefire.real.class.path" value="/home/iventio/svn/jodconverter-sample-webapp/jodconverter-core/target/surefire/surefirebooter4966144444374604493.jar"/>
    <property name="java.io.tmpdir" value="/tmp"/>
    <property name="line.separator" value="
"/>
    <property name="java.vm.specification.vendor" value="Sun Microsystems Inc."/>
    <property name="os.name" value="Linux"/>
    <property name="sun.jnu.encoding" value="UTF-8"/>
    <property name="java.library.path" value="/home/iventio/jodconverter-samplep-webapp/jodconverter-sample-webapp/target/hyperic-sigar-1.6.5/sigar-bin/lib/sigar.jar/:/home/iventio/jodconverter-samplep-webapp/jodconverter-sample-webapp/target/hyperic-sigar-1.6.5/sigar-bin/lib"/>
    <property name="surefire.test.class.path" value="/home/iventio/svn/jodconverter-sample-webapp/jodconverter-core/target/test-classes:/home/iventio/svn/jodconverter-sample-webapp/jodconverter-core/target/classes:/home/iventio/.m2/repository/commons-io/commons-io/1.4/commons-io-1.4.jar:/home/iventio/.m2/repository/org/openoffice/juh/3.2.1/juh-3.2.1.jar:/home/iventio/.m2/repository/org/openoffice/jurt/3.2.1/jurt-3.2.1.jar:/home/iventio/.m2/repository/org/openoffice/ridl/3.2.1/ridl-3.2.1.jar:/home/iventio/.m2/repository/org/openoffice/unoil/3.2.1/unoil-3.2.1.jar:/home/iventio/.m2/repository/commons-cli/commons-cli/1.1/commons-cli-1.1.jar:/home/iventio/.m2/repository/org/hyperic/sigar/1.6.5.132/sigar-1.6.5.132.jar:/home/iventio/.m2/repository/org/json/json/20090211/json-20090211.jar:/home/iventio/.m2/repository/org/testng/testng/6.0.1/testng-6.0.1.jar:/home/iventio/.m2/repository/junit/junit/3.8.1/junit-3.8.1.jar:/home/iventio/.m2/repository/org/beanshell/bsh/2.0b4/bsh-2.0b4.jar:/home/iventio/.m2/repository/com/beust/jcommander/1.12/jcommander-1.12.jar:/home/iventio/.m2/repository/org/yaml/snakeyaml/1.6/snakeyaml-1.6.jar:"/>
    <property name="java.specification.name" value="Java Platform API Specification"/>
    <property name="java.class.version" value="50.0"/>
    <property name="sun.management.compiler" value="HotSpot Tiered Compilers"/>
    <property name="os.version" value="2.6.38-13-generic-pae"/>
    <property name="user.home" value="/root"/>
    <property name="user.timezone" value="America/Chicago"/>
    <property name="java.awt.printerjob" value="sun.print.PSPrinterJob"/>
    <property name="file.encoding" value="UTF-8"/>
    <property name="java.specification.version" value="1.6"/>
    <property name="user.name" value="root"/>
    <property name="java.class.path" value="/home/iventio/svn/jodconverter-sample-webapp/jodconverter-core/target/test-classes:/home/iventio/svn/jodconverter-sample-webapp/jodconverter-core/target/classes:/home/iventio/.m2/repository/commons-io/commons-io/1.4/commons-io-1.4.jar:/home/iventio/.m2/repository/org/openoffice/juh/3.2.1/juh-3.2.1.jar:/home/iventio/.m2/repository/org/openoffice/jurt/3.2.1/jurt-3.2.1.jar:/home/iventio/.m2/repository/org/openoffice/ridl/3.2.1/ridl-3.2.1.jar:/home/iventio/.m2/repository/org/openoffice/unoil/3.2.1/unoil-3.2.1.jar:/home/iventio/.m2/repository/commons-cli/commons-cli/1.1/commons-cli-1.1.jar:/home/iventio/.m2/repository/org/hyperic/sigar/1.6.5.132/sigar-1.6.5.132.jar:/home/iventio/.m2/repository/org/json/json/20090211/json-20090211.jar:/home/iventio/.m2/repository/org/testng/testng/6.0.1/testng-6.0.1.jar:/home/iventio/.m2/repository/junit/junit/3.8.1/junit-3.8.1.jar:/home/iventio/.m2/repository/org/beanshell/bsh/2.0b4/bsh-2.0b4.jar:/home/iventio/.m2/repository/com/beust/jcommander/1.12/jcommander-1.12.jar:/home/iventio/.m2/repository/org/yaml/snakeyaml/1.6/snakeyaml-1.6.jar:"/>
    <property name="java.vm.specification.version" value="1.0"/>
    <property name="sun.arch.data.model" value="32"/>
    <property name="java.home" value="/usr/lib/jvm/java-6-openjdk/jre"/>
    <property name="sun.java.command" value="/home/iventio/svn/jodconverter-sample-webapp/jodconverter-core/target/surefire/surefirebooter4966144444374604493.jar /home/iventio/svn/jodconverter-sample-webapp/jodconverter-core/target/surefire/surefire5929379537111443035tmp /home/iventio/svn/jodconverter-sample-webapp/jodconverter-core/target/surefire/surefire607239769527994307tmp"/>
    <property name="java.specification.vendor" value="Sun Microsystems Inc."/>
    <property name="user.language" value="en"/>
    <property name="java.vm.info" value="mixed mode"/>
    <property name="java.version" value="1.6.0_22"/>
    <property name="java.ext.dirs" value="/usr/lib/jvm/java-6-openjdk/jre/lib/ext:/usr/java/packages/lib/ext"/>
    <property name="sun.boot.class.path" value="/usr/lib/jvm/java-6-openjdk/jre/lib/resources.jar:/usr/lib/jvm/java-6-openjdk/jre/lib/rt.jar:/usr/lib/jvm/java-6-openjdk/jre/lib/sunrsasign.jar:/usr/lib/jvm/java-6-openjdk/jre/lib/jsse.jar:/usr/lib/jvm/java-6-openjdk/jre/lib/jce.jar:/usr/lib/jvm/java-6-openjdk/jre/lib/charsets.jar:/usr/lib/jvm/java-6-openjdk/jre/lib/netx.jar:/usr/lib/jvm/java-6-openjdk/jre/lib/plugin.jar:/usr/lib/jvm/java-6-openjdk/jre/lib/rhino.jar:/usr/lib/jvm/java-6-openjdk/jre/lib/modules/jdk.boot.jar:/usr/lib/jvm/java-6-openjdk/jre/classes"/>
    <property name="java.vendor" value="Sun Microsystems Inc."/>
    <property name="localRepository" value="/home/iventio/.m2/repository"/>
    <property name="file.separator" value="/"/>
    <property name="java.vendor.url.bug" value="http://java.sun.com/cgi-bin/bugreport.cgi"/>
    <property name="sun.cpu.endian" value="little"/>
    <property name="sun.io.unicode.encoding" value="UnicodeLittle"/>
    <property name="sun.cpu.isalist" value=""/>
  </properties>
  <testcase time="12.516" classname="org.artofsolving.jodconverter.OfficeDocumentConverterFunctionalTest" name="runAllPossibleConversions"/>
  <testcase time="0.014" classname="org.artofsolving.jodconverter.document.JsonDocumentFormatRegistryTest" name="readJsonRegistry"/>
  <testcase time="2.177" classname="org.artofsolving.jodconverter.office.ExternalOfficeManagerTest" name="executeTask"/>
  <testcase time="1.719" classname="org.artofsolving.jodconverter.office.PooledOfficeManagerTest" name="executeTask"/>
  <testcase time="4.209" classname="org.artofsolving.jodconverter.office.PooledOfficeManagerTest" name="restartAfterCrash"/>
  <testcase time="5.209" classname="org.artofsolving.jodconverter.office.PooledOfficeManagerTest" name="restartAfterTaskTimeout"/>
  <testcase time="3.439" classname="org.artofsolving.jodconverter.office.PooledOfficeManagerTest" name="restartWhenMaxTasksPerProcessReached"/>
  <testcase time="0.101" classname="org.artofsolving.jodconverter.process.ProcessManagerTest" name="linuxProcessManager"/>
  <testcase time="0.013" classname="org.artofsolving.jodconverter.process.ProcessManagerTest" name="sigarProcessManager"/>
</testsuite>