<?xml version="1.0" encoding="UTF-8"?>
<!-- Generated by org.testng.reporters.JUnitReportReporter -->
<testsuite hostname="iventio-ThinkPad-T420" name="org.artofsolving.jodconverter.office.ExternalOfficeManagerTest" tests="1" failures="0" timestamp="4 Apr 2012 02:03:58 GMT" time="2.177" errors="0">
  <testcase name="executeTask" time="2.177" classname="org.artofsolving.jodconverter.office.ExternalOfficeManagerTest"/>
</testsuite>
