<?xml version="1.0" encoding="UTF-8"?>
<!-- Generated by org.testng.reporters.JUnitReportReporter -->
<testsuite hostname="iventio-ThinkPad-T420" name="org.artofsolving.jodconverter.office.PooledOfficeManagerTest" tests="4" failures="0" timestamp="4 Apr 2012 02:03:58 GMT" time="14.576" errors="0">
  <testcase name="restartWhenMaxTasksPerProcessReached" time="3.439" classname="org.artofsolving.jodconverter.office.PooledOfficeManagerTest"/>
  <testcase name="restartAfterTaskTimeout" time="5.209" classname="org.artofsolving.jodconverter.office.PooledOfficeManagerTest"/>
  <testcase name="restartAfterCrash" time="4.209" classname="org.artofsolving.jodconverter.office.PooledOfficeManagerTest"/>
  <testcase name="executeTask" time="1.719" classname="org.artofsolving.jodconverter.office.PooledOfficeManagerTest"/>
</testsuite>
